#
# There is insufficient memory for the Java Runtime Environment to continue.
# Native memory allocation (mmap) failed to map 134217728 bytes for G1 virtual space
# Possible reasons:
#   The system is out of physical RAM or swap space
#   The process is running with CompressedOops enabled, and the Java Heap may be blocking the growth of the native heap
# Possible solutions:
#   Reduce memory load on the system
#   Increase physical memory or swap space
#   Check if swap backing store is full
#   Decrease Java heap size (-Xmx/-Xms)
#   Decrease number of Java threads
#   Decrease Java thread stack sizes (-Xss)
#   Set larger code cache with -XX:ReservedCodeCacheSize=
#   JVM is running with Unscaled Compressed Oops mode in which the Java heap is
#     placed in the first 4GB address space. The Java Heap base address is the
#     maximum limit for the native heap growth. Please use -XX:HeapBaseMinAddress
#     to set the Java Heap base and to place the Java Heap above 4GB virtual address.
# This output file may be truncated or incomplete.
#
#  Out of Memory Error (./open/src/hotspot/os/windows/os_windows.cpp:3472), pid=15628, tid=31684
#
# JRE version:  (15.0.1+9) (build )
# Java VM: OpenJDK 64-Bit Server VM (15.0.1+9-18, mixed mode, sharing, tiered, compressed oops, g1 gc, windows-amd64)
# No core dump will be written. Minidumps are not enabled by default on client versions of Windows
#

---------------  S U M M A R Y ------------

Command Line: -Dfile.encoding=Cp1252 -XX:+ShowCodeDetailsInExceptionMessages com.java.repeticao.EstruturasRepeticao

Host: Intel(R) Core(TM) i7-8550U CPU @ 1.80GHz, 8 cores, 7G,  Windows 10 , 64 bit Build 19041 (10.0.19041.662)
Time: Sat Feb 20 17:43:34 2021 Hora oficial do Brasil elapsed time: 0.018963 seconds (0d 0h 0m 0s)

---------------  T H R E A D  ---------------

Current thread (0x00000212a77ddb30):  JavaThread "Unknown thread" [_thread_in_vm, id=31684, stack(0x0000006373800000,0x0000006373900000)]

Stack: [0x0000006373800000,0x0000006373900000]
Native frames: (J=compiled Java code, j=interpreted, Vv=VM code, C=native code)
V  [jvm.dll+0x62ae9a]
V  [jvm.dll+0x781389]
V  [jvm.dll+0x782ae3]
V  [jvm.dll+0x783143]
V  [jvm.dll+0x216265]
V  [jvm.dll+0x6281d9]
V  [jvm.dll+0x61cd15]
V  [jvm.dll+0x2d01fd]
V  [jvm.dll+0x2d0062]
V  [jvm.dll+0x2d603c]
V  [jvm.dll+0x325b2a]
V  [jvm.dll+0x3251f4]
V  [jvm.dll+0x2a717a]
V  [jvm.dll+0x2a8318]
V  [jvm.dll+0x75e101]
V  [jvm.dll+0x3343e4]
V  [jvm.dll+0x73e826]
V  [jvm.dll+0x3b7777]
V  [jvm.dll+0x3b9201]
C  [jli.dll+0x52fb]
C  [ucrtbase.dll+0x214c2]
C  [KERNEL32.dll+0x17034]
C  [ntdll.dll+0x4d0d1]


---------------  P R O C E S S  ---------------

Threads class SMR info:
_java_thread_list=0x00007ffc06864ff0, length=0, elements={
}

Java Threads: ( => current thread )

Other Threads:
  0x00000212a7820dd0 GCTaskThread "GC Thread#0" [stack: 0x0000006373900000,0x0000006373a00000] [id=31396]
  0x00000212a7831ce0 ConcurrentGCThread "G1 Main Marker" [stack: 0x0000006373a00000,0x0000006373b00000] [id=31660]
  0x00000212a78330f0 ConcurrentGCThread "G1 Conc#0" [stack: 0x0000006373b00000,0x0000006373c00000] [id=31940]

[error occurred during error reporting (printing all threads), id 0xc0000005, EXCEPTION_ACCESS_VIOLATION (0xc0000005) at pc=0x00007ffc06058047]

VM state: not at safepoint (not fully initialized)

VM Mutex/Monitor currently owned by a thread:  ([mutex/lock_event])
[0x00000212a77cb8f0] Heap_lock - owner thread: 0x00000212a77ddb30

Heap address: 0x0000000081e00000, size: 2018 MB, Compressed Oops mode: 32-bit
CDS archive(s) mapped at: [0x0000000000000000-0x0000000000000000-0x0000000000000000), size 0, SharedBaseAddress: 0x0000000800000000, ArchiveRelocationMode: 0.
Narrow klass base: 0x0000000000000000, Narrow klass shift: 0, Narrow klass range: 0x0

Heap:
 garbage-first heap   total 131072K, used 0K [0x0000000081e00000, 0x0000000100000000)
  region size 1024K, 0 young (0K), 0 survivors (0K)
 Metaspace       used 0K, capacity 0K, committed 0K, reserved 0K
  class space    used 0K, capacity 0K, committed 0K, reserved 0K

Heap Regions: E=young(eden), S=young(survivor), O=old, HS=humongous(starts), HC=humongous(continues), CS=collection set, F=free, OA=open archive, CA=closed archive, TAMS=top-at-mark-start (previous, next)

Card table byte_map: [0x00000212ba900000,0x00000212bad00000] _byte_map_base: 0x00000212ba4f1000

Marking Bits (Prev, Next): (CMBitMap*) 0x00000212a7821640, (CMBitMap*) 0x00000212a7821680
 Prev Bits: [0x00000212bb100000, 0x00000212bd088000)
 Next Bits: [0x00000212bd090000, 0x00000212bf018000)

GC Heap History (0 events):
No events

Deoptimization events (0 events):
No events

Classes unloaded (0 events):
No events

Classes redefined (0 events):
No events

Internal exceptions (0 events):
No events

Events (1 events):
Event: 0.010 Loaded shared library C:\Users\nbbsmartbank\.p2\pool\plugins\org.eclipse.justj.openjdk.hotspot.jre.full.win32.x86_64_15.0.1.v20201027-0507\jre\bin\java.dll


Dynamic libraries:
0x00007ff738430000 - 0x00007ff73843d000 	C:\Users\nbbsmartbank\.p2\pool\plugins\org.eclipse.justj.openjdk.hotspot.jre.full.win32.x86_64_15.0.1.v20201027-0507\jre\bin\javaw.exe
0x00007ffc67cd0000 - 0x00007ffc67ec6000 	C:\Windows\SYSTEM32\ntdll.dll
0x00007ffc665f0000 - 0x00007ffc666ad000 	C:\Windows\System32\KERNEL32.dll
0x00007ffc650a0000 - 0x00007ffc651bb000 	C:\Windows\system32\hmpalert.dll
0x00007ffc65470000 - 0x00007ffc65739000 	C:\Windows\System32\KERNELBASE.dll
0x00007ffc65a50000 - 0x00007ffc65b50000 	C:\Windows\System32\ucrtbase.dll
0x00007ffc43cc0000 - 0x00007ffc43cd8000 	C:\Users\nbbsmartbank\.p2\pool\plugins\org.eclipse.justj.openjdk.hotspot.jre.full.win32.x86_64_15.0.1.v20201027-0507\jre\bin\jli.dll
0x00007ffc4a340000 - 0x00007ffc4a359000 	C:\Users\nbbsmartbank\.p2\pool\plugins\org.eclipse.justj.openjdk.hotspot.jre.full.win32.x86_64_15.0.1.v20201027-0507\jre\bin\VCRUNTIME140.dll
0x00007ffc66780000 - 0x00007ffc66920000 	C:\Windows\System32\USER32.dll
0x00007ffc65cb0000 - 0x00007ffc65cd2000 	C:\Windows\System32\win32u.dll
0x00007ffc67540000 - 0x00007ffc6756a000 	C:\Windows\System32\GDI32.dll
0x00007ffc65910000 - 0x00007ffc65a19000 	C:\Windows\System32\gdi32full.dll
0x00007ffc509f0000 - 0x00007ffc50c8b000 	C:\Windows\WinSxS\amd64_microsoft.windows.common-controls_6595b64144ccf1df_6.0.19041.488_none_ca04af081b815d21\COMCTL32.dll
0x00007ffc65870000 - 0x00007ffc6590d000 	C:\Windows\System32\msvcp_win.dll
0x00007ffc67030000 - 0x00007ffc670ce000 	C:\Windows\System32\msvcrt.dll
0x00007ffc676c0000 - 0x00007ffc676f0000 	C:\Windows\System32\IMM32.DLL
0x00007ffc5ef80000 - 0x00007ffc5ef8c000 	C:\Users\nbbsmartbank\.p2\pool\plugins\org.eclipse.justj.openjdk.hotspot.jre.full.win32.x86_64_15.0.1.v20201027-0507\jre\bin\vcruntime140_1.dll
0x00007ffc2bb60000 - 0x00007ffc2bbf1000 	C:\Users\nbbsmartbank\.p2\pool\plugins\org.eclipse.justj.openjdk.hotspot.jre.full.win32.x86_64_15.0.1.v20201027-0507\jre\bin\msvcp140.dll
0x00007ffc05da0000 - 0x00007ffc068fe000 	C:\Users\nbbsmartbank\.p2\pool\plugins\org.eclipse.justj.openjdk.hotspot.jre.full.win32.x86_64_15.0.1.v20201027-0507\jre\bin\server\jvm.dll
0x00007ffc664e0000 - 0x00007ffc6658c000 	C:\Windows\System32\ADVAPI32.dll
0x00007ffc66980000 - 0x00007ffc66a1c000 	C:\Windows\System32\sechost.dll
0x00007ffc67590000 - 0x00007ffc676bb000 	C:\Windows\System32\RPCRT4.dll
0x00007ffc67380000 - 0x00007ffc67388000 	C:\Windows\System32\PSAPI.DLL
0x00007ffc50f20000 - 0x00007ffc50f29000 	C:\Windows\SYSTEM32\WSOCK32.dll
0x00007ffc55500000 - 0x00007ffc55527000 	C:\Windows\SYSTEM32\WINMM.dll
0x00007ffc66a30000 - 0x00007ffc66a9b000 	C:\Windows\System32\WS2_32.dll
0x00007ffc5e170000 - 0x00007ffc5e17a000 	C:\Windows\SYSTEM32\VERSION.dll
0x00007ffc63be0000 - 0x00007ffc63bf2000 	C:\Windows\SYSTEM32\kernel.appcore.dll
0x00007ffc5de50000 - 0x00007ffc5de5a000 	C:\Users\nbbsmartbank\.p2\pool\plugins\org.eclipse.justj.openjdk.hotspot.jre.full.win32.x86_64_15.0.1.v20201027-0507\jre\bin\jimage.dll
0x00007ffc638a0000 - 0x00007ffc63a84000 	C:\Windows\SYSTEM32\DBGHELP.DLL
0x00007ffc3f4c0000 - 0x00007ffc3f4ec000 	C:\Windows\SYSTEM32\dbgcore.DLL
0x00007ffc65740000 - 0x00007ffc657c0000 	C:\Windows\System32\bcryptPrimitives.dll
0x00007ffc434b0000 - 0x00007ffc434d5000 	C:\Users\nbbsmartbank\.p2\pool\plugins\org.eclipse.justj.openjdk.hotspot.jre.full.win32.x86_64_15.0.1.v20201027-0507\jre\bin\java.dll

dbghelp: loaded successfully - version: 4.0.5 - missing functions: none
symbol engine: initialized successfully - sym options: 0x614 - pdb path: .;C:\Users\nbbsmartbank\.p2\pool\plugins\org.eclipse.justj.openjdk.hotspot.jre.full.win32.x86_64_15.0.1.v20201027-0507\jre\bin;C:\Windows\SYSTEM32;C:\Windows\WinSxS\amd64_microsoft.windows.common-controls_6595b64144ccf1df_6.0.19041.488_none_ca04af081b815d21;C:\Users\nbbsmartbank\.p2\pool\plugins\org.eclipse.justj.openjdk.hotspot.jre.full.win32.x86_64_15.0.1.v20201027-0507\jre\bin\server

VM Arguments:
jvm_args: -Dfile.encoding=Cp1252 -XX:+ShowCodeDetailsInExceptionMessages 
java_command: com.java.repeticao.EstruturasRepeticao
java_class_path (initial): C:\Users\nbbsmartbank\eclipse-workspace\WhileDoWhileFor\bin
Launcher Type: SUN_STANDARD

[Global flags]
     intx CICompilerCount                          = 4                                         {product} {ergonomic}
     uint ConcGCThreads                            = 2                                         {product} {ergonomic}
     uint G1ConcRefinementThreads                  = 8                                         {product} {ergonomic}
   size_t G1HeapRegionSize                         = 1048576                                   {product} {ergonomic}
    uintx GCDrainStackTargetSize                   = 64                                        {product} {ergonomic}
   size_t InitialHeapSize                          = 134217728                                 {product} {ergonomic}
   size_t MarkStackSize                            = 4194304                                   {product} {ergonomic}
   size_t MaxHeapSize                              = 2116026368                                {product} {ergonomic}
   size_t MinHeapDeltaBytes                        = 1048576                                   {product} {ergonomic}
   size_t MinHeapSize                              = 8388608                                   {product} {ergonomic}
    uintx NonNMethodCodeHeapSize                   = 5839372                                {pd product} {ergonomic}
    uintx NonProfiledCodeHeapSize                  = 122909434                              {pd product} {ergonomic}
    uintx ProfiledCodeHeapSize                     = 122909434                              {pd product} {ergonomic}
    uintx ReservedCodeCacheSize                    = 251658240                              {pd product} {ergonomic}
     bool SegmentedCodeCache                       = true                                      {product} {ergonomic}
     bool ShowCodeDetailsInExceptionMessages       = true                                   {manageable} {command line}
   size_t SoftMaxHeapSize                          = 2116026368                             {manageable} {ergonomic}
     bool UseCompressedClassPointers               = true                                 {lp64_product} {ergonomic}
     bool UseCompressedOops                        = true                                 {lp64_product} {ergonomic}
     bool UseG1GC                                  = true                                      {product} {ergonomic}
     bool UseLargePagesIndividualAllocation        = false                                  {pd product} {ergonomic}

Logging:
Log output configuration:
 #0: stdout all=warning uptime,level,tags
 #1: stderr all=off uptime,level,tags

Environment Variables:
PATH=C:/Users/nbbsmartbank/.p2/pool/plugins/org.eclipse.justj.openjdk.hotspot.jre.full.win32.x86_64_15.0.1.v20201027-0507/jre/bin/server;C:/Users/nbbsmartbank/.p2/pool/plugins/org.eclipse.justj.openjdk.hotspot.jre.full.win32.x86_64_15.0.1.v20201027-0507/jre/bin;C:\Program Files (x86)\Common Files\Oracle\Java\javapath;C:\Windows\system32;C:\Windows;C:\Windows\System32\Wbem;C:\Windows\System32\WindowsPowerShell\v1.0\;C:\Windows\System32\OpenSSH\;C:\Program Files (x86)\Intel\Intel(R) Management Engine Components\DAL;C:\Program Files\Intel\Intel(R) Management Engine Components\DAL;C:\Program Files\Google\Google Apps Sync\;C:\Program Files\Docker\Docker\resources\bin;C:\ProgramData\DockerDesktop\version-bin;C:\Program Files\nodejs\;C:\Program Files (x86)\Yarn\bin\;C:\ProgramData\chocolatey\bin;C:\Program Files (x86)\Common Files\Oracle\Java\javapath;C:\Windows\system32;C:\Windows;C:\Windows\System32\Wbem;C:\Windows\System32\WindowsPowerShell\v1.0\;C:\Windows\System32\OpenSSH\;C:\Program Files (x86)\Intel\Intel(R) Management Engine Components\DAL;C:\Program Files\Intel\Intel(R) Management Engine Components\DAL;C:\Program Files\Google\Google Apps Sync\;C:\Program Files\Docker\Docker\resources\bin;C:\ProgramData\DockerDesktop\version-bin;C:\Program Files\nodejs\;C:\Users\nbbsmartbank\AppData\Local\Microsoft\WindowsApps;C:\Users\nbbsmartbank\AppData\Local\Programs\Microsoft VS Code\bin;C:\Users\nbbsmartbank\AppData\Roaming\npm;C:\Users\nbbsmartbank\AppData\Local\Programs\Git\cmd;C:\Users\nbbsmartbank\AppData\Local\Programs\Python\Python39;C:\Users\nbbsmartbank\AppData\Local\Programs\Python\Python39\Scripts;C:\Users\nbbsmartbank\AppData\Local\Yarn\bin;C:\Users\nbbsmartbank\Desktop;
USERNAME=nbbsmartbank
OS=Windows_NT
PROCESSOR_IDENTIFIER=Intel64 Family 6 Model 142 Stepping 10, GenuineIntel



---------------  S Y S T E M  ---------------

OS:
 Windows 10 , 64 bit Build 19041 (10.0.19041.662)
OS uptime: 19 days 8:20 hours
HyperV virtualization detected

CPU: total 8 (initial active 8) (4 cores per cpu, 2 threads per core) family 6 model 142 stepping 10 microcode 0xd6, cmov, cx8, fxsr, mmx, sse, sse2, sse3, ssse3, sse4.1, sse4.2, popcnt, vzeroupper, avx, avx2, aes, clmul, erms, 3dnowpref, lzcnt, ht, tsc, tscinvbit, bmi1, bmi2, adx, fma, clflush, clflushopt

Memory: 4k page, system-wide physical 8067M (671M free)
TotalPageFile size 23263M (AvailPageFile size 99M)
current process WorkingSet (physical memory assigned to process): 10M, peak: 10M
current process commit charge ("private bytes"): 60M, peak: 188M

vm_info: OpenJDK 64-Bit Server VM (15.0.1+9-18) for windows-amd64 JRE (15.0.1+9-18), built on Sep 15 2020 14:39:31 by "mach5one" with unknown MS VC++:1925

END.
